<?xml version="1.0" encoding="UTF-8"?>
<!-- Generated by org.testng.reporters.JUnitXMLReporter -->
<testsuite ignored="0" hostname="DESKTOP-O29OAAI" failures="1" tests="8" name="Test" time="87.132" errors="0" timestamp="2024-11-02T16:39:57 IST">
  <testcase classname="testCases.TC001_AccountRegistrationTest" name="verify_Account_Registration" time="3.104"/>
  <testcase classname="testCases.TC002_LoginTest" name="verify_Login" time="2.475"/>
  <testcase classname="testCases.TC003_LoginDDT" name="verify_loginDDT" time="11.937">
    <failure type="java.lang.AssertionError" message="expected [true] but found [false]">
      <![CDATA[java.lang.AssertionError: expected [true] but found [false]
at testCases.TC003_LoginDDT.verify_loginDDT(TC003_LoginDDT.java:56)
at java.base/java.util.ArrayList.forEach(ArrayList.java:1511)
... Removed 31 stack frames]]>
    </failure>
  </testcase> <!-- verify_loginDDT -->
  <testcase classname="testCases.TC003_LoginDDT" name="verify_loginDDT" time="5.44"/>
  <testcase classname="testCases.TC003_LoginDDT" name="verify_loginDDT" time="7.341"/>
  <testcase classname="testCases.TC003_LoginDDT" name="verify_loginDDT" time="15.368"/>
  <testcase classname="testCases.TC003_LoginDDT" name="verify_loginDDT" time="5.164"/>
  <testcase classname="testCases.TC003_LoginDDT" name="verify_loginDDT" time="14.285"/>
</testsuite> <!-- Test -->
